<?xml version="1.0" encoding="UTF-8"?>
<!-- Generated by org.testng.reporters.JUnitReportReporter -->
<testsuite hostname="LAPTOP-1BGLIOF3" failures="0" tests="2" name="practice.PracticeClass1Test" time="0.003" errors="0" timestamp="2023-03-10T15:36:17 IST" skipped="0">
  <testcase classname="practice.PracticeClass1Test" name="method2" time="0.001"/>
  <system-out/>
  <testcase classname="practice.PracticeClass1Test" name="method1" time="0.002"/>
  <system-out/>
</testsuite> <!-- practice.PracticeClass1Test -->
