<?xml version="1.0" encoding="UTF-8"?>
<!-- Generated by org.testng.reporters.JUnitReportReporter -->
<testsuite hostname="LAPTOP-1BGLIOF3" failures="0" tests="2" name="practice.PracticeClass2Test" time="0.017" errors="0" timestamp="2023-03-10T15:36:17 IST" skipped="0">
  <testcase classname="practice.PracticeClass2Test" name="method3" time="0.014"/>
  <system-out/>
  <testcase classname="practice.PracticeClass2Test" name="method4" time="0.003"/>
  <system-out/>
</testsuite> <!-- practice.PracticeClass2Test -->
